  main.cpp
E:\INFORMATYKA\PROGRAMOWANIE\PROJEKTY\W trakcie\GraphVisualization\GraphVisualization\Snake.hpp(17,3): warning C4091: "static ": zignorowano na lewo od "Snake::Direction" podczas gdy brak deklaracji zmiennej
E:\INFORMATYKA\PROGRAMOWANIE\PROJEKTY\W trakcie\GraphVisualization\GraphVisualization\Assets.hpp(18,42): warning C4305: "argument": obcięcie z "double" do "T"
          with
          [
              T=float
          ]
E:\INFORMATYKA\PROGRAMOWANIE\PROJEKTY\W trakcie\GraphVisualization\GraphVisualization\Assets.hpp(18,37): warning C4305: "argument": obcięcie z "double" do "T"
          with
          [
              T=float
          ]
E:\INFORMATYKA\PROGRAMOWANIE\PROJEKTY\W trakcie\GraphVisualization\GraphVisualization\Assets.hpp(26,43): warning C4305: "argument": obcięcie z "double" do "T"
          with
          [
              T=float
          ]
E:\INFORMATYKA\PROGRAMOWANIE\PROJEKTY\W trakcie\GraphVisualization\GraphVisualization\Assets.hpp(26,37): warning C4305: "argument": obcięcie z "double" do "T"
          with
          [
              T=float
          ]
  Trwa generowanie kodu
  1 of 395 functions ( 0.3%) were compiled, the rest were copied from previous compilation.
    0 functions were new in current compilation
    2 functions had inline decision re-evaluated but remain unchanged
  Zakończono generowanie kodu
  GraphVisualization.vcxproj -> E:\INFORMATYKA\PROGRAMOWANIE\PROJEKTY\W trakcie\GraphVisualization\x64\Release\GraphVisualization.exe
